2024-09-19 18:30:52,740 - INFO - Processing resources\flute\0.jpg
2024-09-19 18:30:52,796 - INFO - Processing resources\flute\1.jpg
2024-09-19 18:30:52,831 - INFO - Processing resources\flute\10.jpg
2024-09-19 18:30:52,865 - INFO - Processing resources\flute\100.jpg
2024-09-19 18:30:52,914 - INFO - Processing resources\flute\101.jpg
2024-09-19 18:30:52,950 - INFO - Processing resources\flute\102.jpg
2024-09-19 18:30:52,985 - INFO - Processing resources\flute\103.jpg
2024-09-19 18:30:53,020 - INFO - Processing resources\flute\104.jpg
2024-09-19 18:30:53,055 - INFO - Processing resources\flute\105.jpg
2024-09-19 18:30:53,089 - INFO - Processing resources\flute\106.jpg
2024-09-19 18:30:53,124 - INFO - Processing resources\flute\107.jpg
2024-09-19 18:30:53,161 - INFO - Processing resources\flute\108.jpg
2024-09-19 18:30:53,195 - INFO - Processing resources\flute\109.jpg
2024-09-19 18:30:53,230 - INFO - Processing resources\flute\11.jpg
2024-09-19 18:30:53,279 - INFO - Processing resources\flute\110.jpg
2024-09-19 18:30:53,327 - INFO - Processing resources\flute\111.jpg
2024-09-19 18:30:53,363 - INFO - Processing resources\flute\112.jpg
2024-09-19 18:30:53,396 - INFO - Processing resources\flute\113.jpg
2024-09-19 18:30:53,432 - INFO - Processing resources\flute\114.jpg
2024-09-19 18:30:53,467 - INFO - Processing resources\flute\115.jpg
2024-09-19 18:30:53,502 - INFO - Processing resources\flute\116.jpg
2024-09-19 18:30:53,536 - INFO - Processing resources\flute\117.jpg
2024-09-19 18:30:53,572 - INFO - Processing resources\flute\118.jpg
2024-09-19 18:30:53,606 - INFO - Processing resources\flute\119.jpg
2024-09-19 18:30:53,644 - INFO - Processing resources\flute\12.jpg
2024-09-19 18:30:53,694 - INFO - Processing resources\flute\120.jpg
2024-09-19 18:30:53,743 - INFO - Processing resources\flute\121.jpg
2024-09-19 18:30:53,778 - INFO - Processing resources\flute\122.jpg
2024-09-19 18:30:53,814 - INFO - Processing resources\flute\123.jpg
2024-09-19 18:30:53,850 - INFO - Processing resources\flute\124.jpg
2024-09-19 18:30:53,883 - INFO - Processing resources\flute\125.jpg
2024-09-19 18:30:53,920 - INFO - Processing resources\flute\126.jpg
2024-09-19 18:30:53,954 - INFO - Processing resources\flute\127.jpg
2024-09-19 18:30:53,988 - INFO - Processing resources\flute\128.jpg
2024-09-19 18:30:54,026 - INFO - Processing resources\flute\129.jpg
2024-09-19 18:30:54,062 - INFO - Processing resources\flute\13.jpg
2024-09-19 18:30:54,112 - INFO - Processing resources\flute\130.jpg
2024-09-19 18:30:54,161 - INFO - Processing resources\flute\131.jpg
2024-09-19 18:30:54,196 - INFO - Processing resources\flute\132.jpg
2024-09-19 18:30:54,230 - INFO - Processing resources\flute\133.jpg
2024-09-19 18:30:54,264 - INFO - Processing resources\flute\134.jpg
2024-09-19 18:30:54,299 - INFO - Processing resources\flute\135.jpg
2024-09-19 18:30:54,335 - INFO - Processing resources\flute\136.jpg
2024-09-19 18:30:54,370 - INFO - Processing resources\flute\137.jpg
2024-09-19 18:30:54,405 - INFO - Processing resources\flute\138.jpg
2024-09-19 18:30:54,442 - INFO - Processing resources\flute\139.jpg
2024-09-19 18:30:54,480 - INFO - Processing resources\flute\14.jpg
2024-09-19 18:30:54,530 - INFO - Processing resources\flute\140.jpg
2024-09-19 18:30:54,580 - INFO - Processing resources\flute\141.jpg
2024-09-19 18:30:54,615 - INFO - Processing resources\flute\142.jpg
2024-09-19 18:30:54,650 - INFO - Processing resources\flute\143.jpg
2024-09-19 18:30:54,685 - INFO - Processing resources\flute\144.jpg
2024-09-19 18:30:54,720 - INFO - Processing resources\flute\145.jpg
2024-09-19 18:30:54,755 - INFO - Processing resources\flute\146.jpg
2024-09-19 18:30:54,790 - INFO - Processing resources\flute\147.jpg
2024-09-19 18:30:54,826 - INFO - Processing resources\flute\148.jpg
2024-09-19 18:30:54,861 - INFO - Processing resources\flute\149.jpg
2024-09-19 18:30:54,895 - INFO - Processing resources\flute\15.jpg
2024-09-19 18:30:54,944 - INFO - Processing resources\flute\150.jpg
2024-09-19 18:30:54,994 - INFO - Processing resources\flute\151.jpg
2024-09-19 18:30:55,043 - WARNING - Found 126 landmarks at resources\flute\151.jpg.
2024-09-19 18:30:55,043 - INFO - Processing resources\flute\152.jpg
2024-09-19 18:30:55,062 - INFO - Processing resources\flute\153.jpg
2024-09-19 18:30:55,097 - INFO - Processing resources\flute\154.jpg
2024-09-19 18:30:55,132 - INFO - Processing resources\flute\155.jpg
2024-09-19 18:30:55,168 - INFO - Processing resources\flute\156.jpg
2024-09-19 18:30:55,202 - INFO - Processing resources\flute\157.jpg
2024-09-19 18:30:55,237 - INFO - Processing resources\flute\158.jpg
2024-09-19 18:30:55,272 - INFO - Processing resources\flute\159.jpg
2024-09-19 18:30:55,321 - INFO - Processing resources\flute\16.jpg
2024-09-19 18:30:55,370 - INFO - Processing resources\flute\160.jpg
2024-09-19 18:30:55,418 - INFO - Processing resources\flute\161.jpg
2024-09-19 18:30:55,454 - INFO - Processing resources\flute\162.jpg
2024-09-19 18:30:55,489 - INFO - Processing resources\flute\163.jpg
2024-09-19 18:30:55,524 - INFO - Processing resources\flute\164.jpg
2024-09-19 18:30:55,559 - INFO - Processing resources\flute\165.jpg
2024-09-19 18:30:55,594 - INFO - Processing resources\flute\166.jpg
2024-09-19 18:30:55,630 - INFO - Processing resources\flute\167.jpg
2024-09-19 18:30:55,665 - INFO - Processing resources\flute\168.jpg
2024-09-19 18:30:55,699 - INFO - Processing resources\flute\169.jpg
2024-09-19 18:30:55,734 - INFO - Processing resources\flute\17.jpg
2024-09-19 18:30:55,784 - INFO - Processing resources\flute\170.jpg
2024-09-19 18:30:55,833 - INFO - Processing resources\flute\171.jpg
2024-09-19 18:30:55,868 - INFO - Processing resources\flute\172.jpg
2024-09-19 18:30:55,903 - INFO - Processing resources\flute\173.jpg
2024-09-19 18:30:55,938 - INFO - Processing resources\flute\174.jpg
2024-09-19 18:30:55,975 - INFO - Processing resources\flute\175.jpg
2024-09-19 18:30:56,010 - INFO - Processing resources\flute\176.jpg
2024-09-19 18:30:56,044 - INFO - Processing resources\flute\177.jpg
2024-09-19 18:30:56,079 - INFO - Processing resources\flute\178.jpg
2024-09-19 18:30:56,114 - INFO - Processing resources\flute\179.jpg
2024-09-19 18:30:56,149 - INFO - Processing resources\flute\18.jpg
2024-09-19 18:30:56,197 - INFO - Processing resources\flute\180.jpg
2024-09-19 18:30:56,247 - INFO - Processing resources\flute\181.jpg
2024-09-19 18:30:56,297 - WARNING - Found 126 landmarks at resources\flute\181.jpg.
2024-09-19 18:30:56,297 - INFO - Processing resources\flute\182.jpg
2024-09-19 18:30:56,315 - INFO - Processing resources\flute\183.jpg
2024-09-19 18:30:56,349 - INFO - Processing resources\flute\184.jpg
2024-09-19 18:30:56,385 - INFO - Processing resources\flute\185.jpg
2024-09-19 18:30:56,418 - INFO - Processing resources\flute\186.jpg
2024-09-19 18:30:56,453 - INFO - Processing resources\flute\187.jpg
2024-09-19 18:30:56,489 - INFO - Processing resources\flute\188.jpg
2024-09-19 18:30:56,539 - WARNING - Found 126 landmarks at resources\flute\188.jpg.
2024-09-19 18:30:56,540 - INFO - Processing resources\flute\189.jpg
2024-09-19 18:30:56,558 - INFO - Processing resources\flute\19.jpg
2024-09-19 18:30:56,608 - INFO - Processing resources\flute\190.jpg
2024-09-19 18:30:56,656 - INFO - Processing resources\flute\191.jpg
2024-09-19 18:30:56,691 - INFO - Processing resources\flute\192.jpg
2024-09-19 18:30:56,726 - INFO - Processing resources\flute\193.jpg
2024-09-19 18:30:56,760 - INFO - Processing resources\flute\194.jpg
2024-09-19 18:30:56,795 - INFO - Processing resources\flute\195.jpg
2024-09-19 18:30:56,844 - WARNING - Found 126 landmarks at resources\flute\195.jpg.
2024-09-19 18:30:56,844 - INFO - Processing resources\flute\196.jpg
2024-09-19 18:30:56,863 - INFO - Processing resources\flute\197.jpg
2024-09-19 18:30:56,912 - WARNING - Found 126 landmarks at resources\flute\197.jpg.
2024-09-19 18:30:56,912 - INFO - Processing resources\flute\198.jpg
2024-09-19 18:30:56,931 - INFO - Processing resources\flute\199.jpg
2024-09-19 18:30:56,967 - INFO - Processing resources\flute\2.jpg
2024-09-19 18:30:57,015 - INFO - Processing resources\flute\20.jpg
2024-09-19 18:30:57,052 - INFO - Processing resources\flute\21.jpg
2024-09-19 18:30:57,089 - INFO - Processing resources\flute\22.jpg
2024-09-19 18:30:57,129 - INFO - Processing resources\flute\23.jpg
2024-09-19 18:30:57,163 - INFO - Processing resources\flute\24.jpg
2024-09-19 18:30:57,199 - INFO - Processing resources\flute\25.jpg
2024-09-19 18:30:57,235 - INFO - Processing resources\flute\26.jpg
2024-09-19 18:30:57,270 - INFO - Processing resources\flute\27.jpg
2024-09-19 18:30:57,305 - INFO - Processing resources\flute\28.jpg
2024-09-19 18:30:57,340 - INFO - Processing resources\flute\29.jpg
2024-09-19 18:30:57,375 - INFO - Processing resources\flute\3.jpg
2024-09-19 18:30:57,424 - INFO - Processing resources\flute\30.jpg
2024-09-19 18:30:57,474 - INFO - Processing resources\flute\31.jpg
2024-09-19 18:30:57,509 - INFO - Processing resources\flute\32.jpg
2024-09-19 18:30:57,544 - INFO - Processing resources\flute\33.jpg
2024-09-19 18:30:57,579 - INFO - Processing resources\flute\34.jpg
2024-09-19 18:30:57,614 - INFO - Processing resources\flute\35.jpg
2024-09-19 18:30:57,648 - INFO - Processing resources\flute\36.jpg
2024-09-19 18:30:57,683 - INFO - Processing resources\flute\37.jpg
2024-09-19 18:30:57,719 - INFO - Processing resources\flute\38.jpg
2024-09-19 18:30:57,754 - INFO - Processing resources\flute\39.jpg
2024-09-19 18:30:57,790 - INFO - Processing resources\flute\4.jpg
2024-09-19 18:30:57,840 - INFO - Processing resources\flute\40.jpg
2024-09-19 18:30:57,890 - INFO - Processing resources\flute\41.jpg
2024-09-19 18:30:57,925 - INFO - Processing resources\flute\42.jpg
2024-09-19 18:30:57,961 - INFO - Processing resources\flute\43.jpg
2024-09-19 18:30:57,996 - INFO - Processing resources\flute\44.jpg
2024-09-19 18:30:58,031 - INFO - Processing resources\flute\45.jpg
2024-09-19 18:30:58,067 - INFO - Processing resources\flute\46.jpg
2024-09-19 18:30:58,102 - INFO - Processing resources\flute\47.jpg
2024-09-19 18:30:58,137 - INFO - Processing resources\flute\48.jpg
2024-09-19 18:30:58,173 - INFO - Processing resources\flute\49.jpg
2024-09-19 18:30:58,209 - INFO - Processing resources\flute\5.jpg
2024-09-19 18:30:58,258 - INFO - Processing resources\flute\50.jpg
2024-09-19 18:30:58,307 - INFO - Processing resources\flute\51.jpg
2024-09-19 18:30:58,342 - INFO - Processing resources\flute\52.jpg
2024-09-19 18:30:58,377 - INFO - Processing resources\flute\53.jpg
2024-09-19 18:30:58,411 - INFO - Processing resources\flute\54.jpg
2024-09-19 18:30:58,445 - INFO - Processing resources\flute\55.jpg
2024-09-19 18:30:58,479 - INFO - Processing resources\flute\56.jpg
2024-09-19 18:30:58,515 - INFO - Processing resources\flute\57.jpg
2024-09-19 18:30:58,550 - INFO - Processing resources\flute\58.jpg
2024-09-19 18:30:58,585 - INFO - Processing resources\flute\59.jpg
2024-09-19 18:30:58,620 - INFO - Processing resources\flute\6.jpg
2024-09-19 18:30:58,668 - INFO - Processing resources\flute\60.jpg
2024-09-19 18:30:58,716 - INFO - Processing resources\flute\61.jpg
2024-09-19 18:30:58,751 - INFO - Processing resources\flute\62.jpg
2024-09-19 18:30:58,786 - INFO - Processing resources\flute\63.jpg
2024-09-19 18:30:58,821 - INFO - Processing resources\flute\64.jpg
2024-09-19 18:30:58,856 - INFO - Processing resources\flute\65.jpg
2024-09-19 18:30:58,891 - INFO - Processing resources\flute\66.jpg
2024-09-19 18:30:58,927 - INFO - Processing resources\flute\67.jpg
2024-09-19 18:30:58,962 - INFO - Processing resources\flute\68.jpg
2024-09-19 18:30:58,998 - INFO - Processing resources\flute\69.jpg
2024-09-19 18:30:59,032 - INFO - Processing resources\flute\7.jpg
2024-09-19 18:30:59,080 - INFO - Processing resources\flute\70.jpg
2024-09-19 18:30:59,130 - INFO - Processing resources\flute\71.jpg
2024-09-19 18:30:59,166 - INFO - Processing resources\flute\72.jpg
2024-09-19 18:30:59,200 - INFO - Processing resources\flute\73.jpg
2024-09-19 18:30:59,235 - INFO - Processing resources\flute\74.jpg
2024-09-19 18:30:59,269 - INFO - Processing resources\flute\75.jpg
2024-09-19 18:30:59,305 - INFO - Processing resources\flute\76.jpg
2024-09-19 18:30:59,341 - INFO - Processing resources\flute\77.jpg
2024-09-19 18:30:59,376 - INFO - Processing resources\flute\78.jpg
2024-09-19 18:30:59,411 - INFO - Processing resources\flute\79.jpg
2024-09-19 18:30:59,445 - INFO - Processing resources\flute\8.jpg
2024-09-19 18:30:59,495 - INFO - Processing resources\flute\80.jpg
2024-09-19 18:30:59,548 - INFO - Processing resources\flute\81.jpg
2024-09-19 18:30:59,582 - INFO - Processing resources\flute\82.jpg
2024-09-19 18:30:59,618 - INFO - Processing resources\flute\83.jpg
2024-09-19 18:30:59,654 - INFO - Processing resources\flute\84.jpg
2024-09-19 18:30:59,688 - INFO - Processing resources\flute\85.jpg
2024-09-19 18:30:59,722 - INFO - Processing resources\flute\86.jpg
2024-09-19 18:30:59,757 - INFO - Processing resources\flute\87.jpg
2024-09-19 18:30:59,792 - INFO - Processing resources\flute\88.jpg
2024-09-19 18:30:59,826 - INFO - Processing resources\flute\89.jpg
2024-09-19 18:30:59,863 - INFO - Processing resources\flute\9.jpg
2024-09-19 18:30:59,913 - INFO - Processing resources\flute\90.jpg
2024-09-19 18:30:59,962 - INFO - Processing resources\flute\91.jpg
2024-09-19 18:30:59,996 - INFO - Processing resources\flute\92.jpg
2024-09-19 18:31:00,031 - INFO - Processing resources\flute\93.jpg
2024-09-19 18:31:00,067 - INFO - Processing resources\flute\94.jpg
2024-09-19 18:31:00,101 - INFO - Processing resources\flute\95.jpg
2024-09-19 18:31:00,137 - INFO - Processing resources\flute\96.jpg
2024-09-19 18:31:00,172 - INFO - Processing resources\flute\97.jpg
2024-09-19 18:31:00,206 - INFO - Processing resources\flute\98.jpg
2024-09-19 18:31:00,242 - INFO - Processing resources\flute\99.jpg
2024-09-19 18:31:00,277 - INFO - Processing resources\generic\0.jpg
2024-09-19 18:31:00,326 - INFO - Processing resources\generic\1.jpg
2024-09-19 18:31:00,361 - INFO - Processing resources\generic\10.jpg
2024-09-19 18:31:00,395 - INFO - Processing resources\generic\100.jpg
2024-09-19 18:31:00,444 - INFO - Processing resources\generic\101.jpg
2024-09-19 18:31:00,479 - INFO - Processing resources\generic\102.jpg
2024-09-19 18:31:00,514 - INFO - Processing resources\generic\103.jpg
2024-09-19 18:31:00,547 - INFO - Processing resources\generic\104.jpg
2024-09-19 18:31:00,583 - INFO - Processing resources\generic\105.jpg
2024-09-19 18:31:00,618 - INFO - Processing resources\generic\106.jpg
2024-09-19 18:31:00,653 - INFO - Processing resources\generic\107.jpg
2024-09-19 18:31:00,688 - INFO - Processing resources\generic\108.jpg
2024-09-19 18:31:00,722 - INFO - Processing resources\generic\109.jpg
2024-09-19 18:31:00,757 - INFO - Processing resources\generic\11.jpg
2024-09-19 18:31:00,805 - INFO - Processing resources\generic\110.jpg
2024-09-19 18:31:00,854 - INFO - Processing resources\generic\111.jpg
2024-09-19 18:31:00,889 - INFO - Processing resources\generic\112.jpg
2024-09-19 18:31:00,927 - INFO - Processing resources\generic\113.jpg
2024-09-19 18:31:00,966 - INFO - Processing resources\generic\114.jpg
2024-09-19 18:31:00,999 - INFO - Processing resources\generic\115.jpg
2024-09-19 18:31:01,034 - INFO - Processing resources\generic\116.jpg
2024-09-19 18:31:01,070 - INFO - Processing resources\generic\117.jpg
2024-09-19 18:31:01,105 - INFO - Processing resources\generic\118.jpg
2024-09-19 18:31:01,141 - INFO - Processing resources\generic\119.jpg
2024-09-19 18:31:01,175 - INFO - Processing resources\generic\12.jpg
2024-09-19 18:31:01,223 - INFO - Processing resources\generic\120.jpg
2024-09-19 18:31:01,273 - INFO - Processing resources\generic\121.jpg
2024-09-19 18:31:01,310 - INFO - Processing resources\generic\122.jpg
2024-09-19 18:31:01,344 - INFO - Processing resources\generic\123.jpg
2024-09-19 18:31:01,379 - INFO - Processing resources\generic\124.jpg
2024-09-19 18:31:01,415 - INFO - Processing resources\generic\125.jpg
2024-09-19 18:31:01,450 - INFO - Processing resources\generic\126.jpg
2024-09-19 18:31:01,484 - INFO - Processing resources\generic\127.jpg
2024-09-19 18:31:01,519 - INFO - Processing resources\generic\128.jpg
2024-09-19 18:31:01,554 - INFO - Processing resources\generic\129.jpg
2024-09-19 18:31:01,588 - INFO - Processing resources\generic\13.jpg
2024-09-19 18:31:01,637 - INFO - Processing resources\generic\130.jpg
2024-09-19 18:31:01,687 - INFO - Processing resources\generic\131.jpg
2024-09-19 18:31:01,722 - INFO - Processing resources\generic\132.jpg
2024-09-19 18:31:01,756 - INFO - Processing resources\generic\133.jpg
2024-09-19 18:31:01,792 - INFO - Processing resources\generic\134.jpg
2024-09-19 18:31:01,828 - INFO - Processing resources\generic\135.jpg
2024-09-19 18:31:01,862 - INFO - Processing resources\generic\136.jpg
2024-09-19 18:31:01,899 - INFO - Processing resources\generic\137.jpg
2024-09-19 18:31:01,937 - INFO - Processing resources\generic\138.jpg
2024-09-19 18:31:01,971 - INFO - Processing resources\generic\139.jpg
2024-09-19 18:31:02,007 - INFO - Processing resources\generic\14.jpg
2024-09-19 18:31:02,055 - INFO - Processing resources\generic\140.jpg
2024-09-19 18:31:02,104 - INFO - Processing resources\generic\141.jpg
2024-09-19 18:31:02,138 - INFO - Processing resources\generic\142.jpg
2024-09-19 18:31:02,173 - INFO - Processing resources\generic\143.jpg
2024-09-19 18:31:02,209 - INFO - Processing resources\generic\144.jpg
2024-09-19 18:31:02,245 - INFO - Processing resources\generic\145.jpg
2024-09-19 18:31:02,281 - INFO - Processing resources\generic\146.jpg
2024-09-19 18:31:02,317 - INFO - Processing resources\generic\147.jpg
2024-09-19 18:31:02,353 - INFO - Processing resources\generic\148.jpg
2024-09-19 18:31:02,387 - INFO - Processing resources\generic\149.jpg
2024-09-19 18:31:02,422 - INFO - Processing resources\generic\15.jpg
2024-09-19 18:31:02,471 - INFO - Processing resources\generic\150.jpg
2024-09-19 18:31:02,520 - INFO - Processing resources\generic\151.jpg
2024-09-19 18:31:02,555 - INFO - Processing resources\generic\152.jpg
2024-09-19 18:31:02,591 - INFO - Processing resources\generic\153.jpg
2024-09-19 18:31:02,625 - INFO - Processing resources\generic\154.jpg
2024-09-19 18:31:02,660 - INFO - Processing resources\generic\155.jpg
2024-09-19 18:31:02,694 - INFO - Processing resources\generic\156.jpg
2024-09-19 18:31:02,730 - INFO - Processing resources\generic\157.jpg
2024-09-19 18:31:02,765 - INFO - Processing resources\generic\158.jpg
2024-09-19 18:31:02,799 - INFO - Processing resources\generic\159.jpg
2024-09-19 18:31:02,850 - WARNING - Found 126 landmarks at resources\generic\159.jpg.
2024-09-19 18:31:02,850 - INFO - Processing resources\generic\16.jpg
2024-09-19 18:31:02,869 - WARNING - Found 0 landmarks at resources\generic\16.jpg.
2024-09-19 18:31:02,869 - INFO - Processing resources\generic\160.jpg
2024-09-19 18:31:02,904 - INFO - Processing resources\generic\161.jpg
2024-09-19 18:31:02,940 - INFO - Processing resources\generic\162.jpg
2024-09-19 18:31:02,975 - INFO - Processing resources\generic\163.jpg
2024-09-19 18:31:03,010 - INFO - Processing resources\generic\164.jpg
2024-09-19 18:31:03,044 - INFO - Processing resources\generic\165.jpg
2024-09-19 18:31:03,079 - INFO - Processing resources\generic\166.jpg
2024-09-19 18:31:03,115 - INFO - Processing resources\generic\167.jpg
2024-09-19 18:31:03,151 - INFO - Processing resources\generic\168.jpg
2024-09-19 18:31:03,185 - INFO - Processing resources\generic\169.jpg
2024-09-19 18:31:03,219 - INFO - Processing resources\generic\17.jpg
2024-09-19 18:31:03,269 - INFO - Processing resources\generic\170.jpg
2024-09-19 18:31:03,317 - INFO - Processing resources\generic\171.jpg
2024-09-19 18:31:03,351 - INFO - Processing resources\generic\172.jpg
2024-09-19 18:31:03,386 - INFO - Processing resources\generic\173.jpg
2024-09-19 18:31:03,421 - INFO - Processing resources\generic\174.jpg
2024-09-19 18:31:03,471 - INFO - Processing resources\generic\175.jpg
2024-09-19 18:31:03,506 - INFO - Processing resources\generic\176.jpg
2024-09-19 18:31:03,541 - INFO - Processing resources\generic\177.jpg
2024-09-19 18:31:03,576 - INFO - Processing resources\generic\178.jpg
2024-09-19 18:31:03,611 - INFO - Processing resources\generic\179.jpg
2024-09-19 18:31:03,647 - INFO - Processing resources\generic\18.jpg
2024-09-19 18:31:03,696 - INFO - Processing resources\generic\180.jpg
2024-09-19 18:31:03,745 - INFO - Processing resources\generic\181.jpg
2024-09-19 18:31:03,780 - INFO - Processing resources\generic\182.jpg
2024-09-19 18:31:03,815 - INFO - Processing resources\generic\183.jpg
2024-09-19 18:31:03,850 - INFO - Processing resources\generic\184.jpg
2024-09-19 18:31:03,885 - INFO - Processing resources\generic\185.jpg
2024-09-19 18:31:03,919 - INFO - Processing resources\generic\186.jpg
2024-09-19 18:31:03,953 - INFO - Processing resources\generic\187.jpg
2024-09-19 18:31:03,988 - INFO - Processing resources\generic\188.jpg
2024-09-19 18:31:04,023 - INFO - Processing resources\generic\189.jpg
2024-09-19 18:31:04,058 - INFO - Processing resources\generic\19.jpg
2024-09-19 18:31:04,108 - INFO - Processing resources\generic\190.jpg
2024-09-19 18:31:04,159 - INFO - Processing resources\generic\191.jpg
2024-09-19 18:31:04,194 - INFO - Processing resources\generic\192.jpg
2024-09-19 18:31:04,229 - INFO - Processing resources\generic\193.jpg
2024-09-19 18:31:04,264 - INFO - Processing resources\generic\194.jpg
2024-09-19 18:31:04,301 - INFO - Processing resources\generic\195.jpg
2024-09-19 18:31:04,337 - INFO - Processing resources\generic\196.jpg
2024-09-19 18:31:04,372 - INFO - Processing resources\generic\197.jpg
2024-09-19 18:31:04,407 - INFO - Processing resources\generic\198.jpg
2024-09-19 18:31:04,442 - INFO - Processing resources\generic\199.jpg
2024-09-19 18:31:04,477 - INFO - Processing resources\generic\2.jpg
2024-09-19 18:31:04,525 - INFO - Processing resources\generic\20.jpg
2024-09-19 18:31:04,559 - INFO - Processing resources\generic\21.jpg
2024-09-19 18:31:04,595 - INFO - Processing resources\generic\22.jpg
2024-09-19 18:31:04,630 - INFO - Processing resources\generic\23.jpg
2024-09-19 18:31:04,666 - INFO - Processing resources\generic\24.jpg
2024-09-19 18:31:04,699 - INFO - Processing resources\generic\25.jpg
2024-09-19 18:31:04,735 - INFO - Processing resources\generic\26.jpg
2024-09-19 18:31:04,770 - INFO - Processing resources\generic\27.jpg
2024-09-19 18:31:04,806 - INFO - Processing resources\generic\28.jpg
2024-09-19 18:31:04,854 - INFO - Processing resources\generic\29.jpg
2024-09-19 18:31:04,888 - INFO - Processing resources\generic\3.jpg
2024-09-19 18:31:04,937 - INFO - Processing resources\generic\30.jpg
2024-09-19 18:31:04,986 - INFO - Processing resources\generic\31.jpg
2024-09-19 18:31:05,022 - INFO - Processing resources\generic\32.jpg
2024-09-19 18:31:05,057 - INFO - Processing resources\generic\33.jpg
2024-09-19 18:31:05,093 - INFO - Processing resources\generic\34.jpg
2024-09-19 18:31:05,128 - INFO - Processing resources\generic\35.jpg
2024-09-19 18:31:05,162 - INFO - Processing resources\generic\36.jpg
2024-09-19 18:31:05,197 - INFO - Processing resources\generic\37.jpg
2024-09-19 18:31:05,232 - INFO - Processing resources\generic\38.jpg
2024-09-19 18:31:05,282 - WARNING - Found 126 landmarks at resources\generic\38.jpg.
2024-09-19 18:31:05,282 - INFO - Processing resources\generic\39.jpg
2024-09-19 18:31:05,302 - INFO - Processing resources\generic\4.jpg
2024-09-19 18:31:05,351 - INFO - Processing resources\generic\40.jpg
2024-09-19 18:31:05,399 - INFO - Processing resources\generic\41.jpg
2024-09-19 18:31:05,434 - INFO - Processing resources\generic\42.jpg
2024-09-19 18:31:05,468 - INFO - Processing resources\generic\43.jpg
2024-09-19 18:31:05,504 - INFO - Processing resources\generic\44.jpg
2024-09-19 18:31:05,539 - INFO - Processing resources\generic\45.jpg
2024-09-19 18:31:05,573 - INFO - Processing resources\generic\46.jpg
2024-09-19 18:31:05,609 - INFO - Processing resources\generic\47.jpg
2024-09-19 18:31:05,644 - INFO - Processing resources\generic\48.jpg
2024-09-19 18:31:05,679 - INFO - Processing resources\generic\49.jpg
2024-09-19 18:31:05,714 - INFO - Processing resources\generic\5.jpg
2024-09-19 18:31:05,764 - INFO - Processing resources\generic\50.jpg
2024-09-19 18:31:05,813 - INFO - Processing resources\generic\51.jpg
2024-09-19 18:31:05,848 - INFO - Processing resources\generic\52.jpg
2024-09-19 18:31:05,882 - INFO - Processing resources\generic\53.jpg
2024-09-19 18:31:05,918 - INFO - Processing resources\generic\54.jpg
2024-09-19 18:31:05,952 - INFO - Processing resources\generic\55.jpg
2024-09-19 18:31:05,987 - INFO - Processing resources\generic\56.jpg
2024-09-19 18:31:06,022 - INFO - Processing resources\generic\57.jpg
2024-09-19 18:31:06,056 - INFO - Processing resources\generic\58.jpg
2024-09-19 18:31:06,089 - INFO - Processing resources\generic\59.jpg
2024-09-19 18:31:06,125 - INFO - Processing resources\generic\6.jpg
2024-09-19 18:31:06,174 - INFO - Processing resources\generic\60.jpg
2024-09-19 18:31:06,224 - INFO - Processing resources\generic\61.jpg
2024-09-19 18:31:06,259 - INFO - Processing resources\generic\62.jpg
2024-09-19 18:31:06,296 - INFO - Processing resources\generic\63.jpg
2024-09-19 18:31:06,330 - INFO - Processing resources\generic\64.jpg
2024-09-19 18:31:06,365 - INFO - Processing resources\generic\65.jpg
2024-09-19 18:31:06,402 - INFO - Processing resources\generic\66.jpg
2024-09-19 18:31:06,436 - INFO - Processing resources\generic\67.jpg
2024-09-19 18:31:06,471 - INFO - Processing resources\generic\68.jpg
2024-09-19 18:31:06,507 - INFO - Processing resources\generic\69.jpg
2024-09-19 18:31:06,542 - INFO - Processing resources\generic\7.jpg
2024-09-19 18:31:06,591 - INFO - Processing resources\generic\70.jpg
2024-09-19 18:31:06,640 - INFO - Processing resources\generic\71.jpg
2024-09-19 18:31:06,678 - INFO - Processing resources\generic\72.jpg
2024-09-19 18:31:06,715 - INFO - Processing resources\generic\73.jpg
2024-09-19 18:31:06,751 - INFO - Processing resources\generic\74.jpg
2024-09-19 18:31:06,785 - INFO - Processing resources\generic\75.jpg
2024-09-19 18:31:06,821 - INFO - Processing resources\generic\76.jpg
2024-09-19 18:31:06,855 - INFO - Processing resources\generic\77.jpg
2024-09-19 18:31:06,892 - INFO - Processing resources\generic\78.jpg
2024-09-19 18:31:06,926 - INFO - Processing resources\generic\79.jpg
2024-09-19 18:31:06,961 - INFO - Processing resources\generic\8.jpg
2024-09-19 18:31:07,010 - INFO - Processing resources\generic\80.jpg
2024-09-19 18:31:07,060 - INFO - Processing resources\generic\81.jpg
2024-09-19 18:31:07,096 - INFO - Processing resources\generic\82.jpg
2024-09-19 18:31:07,132 - INFO - Processing resources\generic\83.jpg
2024-09-19 18:31:07,166 - INFO - Processing resources\generic\84.jpg
2024-09-19 18:31:07,201 - INFO - Processing resources\generic\85.jpg
2024-09-19 18:31:07,237 - INFO - Processing resources\generic\86.jpg
2024-09-19 18:31:07,273 - INFO - Processing resources\generic\87.jpg
2024-09-19 18:31:07,308 - INFO - Processing resources\generic\88.jpg
2024-09-19 18:31:07,346 - INFO - Processing resources\generic\89.jpg
2024-09-19 18:31:07,383 - INFO - Processing resources\generic\9.jpg
2024-09-19 18:31:07,432 - INFO - Processing resources\generic\90.jpg
2024-09-19 18:31:07,482 - INFO - Processing resources\generic\91.jpg
2024-09-19 18:31:07,517 - INFO - Processing resources\generic\92.jpg
2024-09-19 18:31:07,552 - INFO - Processing resources\generic\93.jpg
2024-09-19 18:31:07,588 - INFO - Processing resources\generic\94.jpg
2024-09-19 18:31:07,623 - INFO - Processing resources\generic\95.jpg
2024-09-19 18:31:07,660 - INFO - Processing resources\generic\96.jpg
2024-09-19 18:31:07,696 - INFO - Processing resources\generic\97.jpg
2024-09-19 18:31:07,730 - INFO - Processing resources\generic\98.jpg
2024-09-19 18:31:07,779 - WARNING - Found 126 landmarks at resources\generic\98.jpg.
2024-09-19 18:31:07,780 - INFO - Processing resources\generic\99.jpg
2024-09-19 18:31:07,799 - INFO - Processing resources\snareDrum\0.jpg
2024-09-19 18:31:07,847 - INFO - Processing resources\snareDrum\1.jpg
2024-09-19 18:31:07,882 - INFO - Processing resources\snareDrum\10.jpg
2024-09-19 18:31:07,916 - INFO - Processing resources\snareDrum\100.jpg
2024-09-19 18:31:07,966 - INFO - Processing resources\snareDrum\101.jpg
2024-09-19 18:31:08,001 - INFO - Processing resources\snareDrum\102.jpg
2024-09-19 18:31:08,036 - INFO - Processing resources\snareDrum\103.jpg
2024-09-19 18:31:08,070 - INFO - Processing resources\snareDrum\104.jpg
2024-09-19 18:31:08,105 - INFO - Processing resources\snareDrum\105.jpg
2024-09-19 18:31:08,140 - INFO - Processing resources\snareDrum\106.jpg
2024-09-19 18:31:08,175 - INFO - Processing resources\snareDrum\107.jpg
2024-09-19 18:31:08,210 - INFO - Processing resources\snareDrum\108.jpg
2024-09-19 18:31:08,245 - INFO - Processing resources\snareDrum\109.jpg
2024-09-19 18:31:08,280 - INFO - Processing resources\snareDrum\11.jpg
2024-09-19 18:31:08,330 - INFO - Processing resources\snareDrum\110.jpg
2024-09-19 18:31:08,379 - INFO - Processing resources\snareDrum\111.jpg
2024-09-19 18:31:08,412 - INFO - Processing resources\snareDrum\112.jpg
2024-09-19 18:31:08,448 - INFO - Processing resources\snareDrum\113.jpg
2024-09-19 18:31:08,482 - INFO - Processing resources\snareDrum\114.jpg
2024-09-19 18:31:08,518 - INFO - Processing resources\snareDrum\115.jpg
2024-09-19 18:31:08,552 - INFO - Processing resources\snareDrum\116.jpg
2024-09-19 18:31:08,588 - INFO - Processing resources\snareDrum\117.jpg
2024-09-19 18:31:08,621 - INFO - Processing resources\snareDrum\118.jpg
2024-09-19 18:31:08,657 - INFO - Processing resources\snareDrum\119.jpg
2024-09-19 18:31:08,691 - INFO - Processing resources\snareDrum\12.jpg
2024-09-19 18:31:08,740 - INFO - Processing resources\snareDrum\120.jpg
2024-09-19 18:31:08,789 - INFO - Processing resources\snareDrum\121.jpg
2024-09-19 18:31:08,825 - INFO - Processing resources\snareDrum\122.jpg
2024-09-19 18:31:08,858 - INFO - Processing resources\snareDrum\123.jpg
2024-09-19 18:31:08,893 - INFO - Processing resources\snareDrum\124.jpg
2024-09-19 18:31:08,928 - INFO - Processing resources\snareDrum\125.jpg
2024-09-19 18:31:08,963 - INFO - Processing resources\snareDrum\126.jpg
2024-09-19 18:31:08,996 - INFO - Processing resources\snareDrum\127.jpg
2024-09-19 18:31:09,031 - INFO - Processing resources\snareDrum\128.jpg
2024-09-19 18:31:09,068 - INFO - Processing resources\snareDrum\129.jpg
2024-09-19 18:31:09,105 - INFO - Processing resources\snareDrum\13.jpg
2024-09-19 18:31:09,154 - INFO - Processing resources\snareDrum\130.jpg
2024-09-19 18:31:09,203 - INFO - Processing resources\snareDrum\131.jpg
2024-09-19 18:31:09,238 - INFO - Processing resources\snareDrum\132.jpg
2024-09-19 18:31:09,274 - INFO - Processing resources\snareDrum\133.jpg
2024-09-19 18:31:09,309 - INFO - Processing resources\snareDrum\134.jpg
2024-09-19 18:31:09,343 - INFO - Processing resources\snareDrum\135.jpg
2024-09-19 18:31:09,378 - INFO - Processing resources\snareDrum\136.jpg
2024-09-19 18:31:09,412 - INFO - Processing resources\snareDrum\137.jpg
2024-09-19 18:31:09,460 - INFO - Processing resources\snareDrum\138.jpg
2024-09-19 18:31:09,495 - INFO - Processing resources\snareDrum\139.jpg
2024-09-19 18:31:09,530 - INFO - Processing resources\snareDrum\14.jpg
2024-09-19 18:31:09,580 - INFO - Processing resources\snareDrum\140.jpg
2024-09-19 18:31:09,630 - INFO - Processing resources\snareDrum\141.jpg
2024-09-19 18:31:09,666 - INFO - Processing resources\snareDrum\142.jpg
2024-09-19 18:31:09,700 - INFO - Processing resources\snareDrum\143.jpg
2024-09-19 18:31:09,733 - INFO - Processing resources\snareDrum\144.jpg
2024-09-19 18:31:09,769 - INFO - Processing resources\snareDrum\145.jpg
2024-09-19 18:31:09,804 - INFO - Processing resources\snareDrum\146.jpg
2024-09-19 18:31:09,839 - INFO - Processing resources\snareDrum\147.jpg
2024-09-19 18:31:09,873 - INFO - Processing resources\snareDrum\148.jpg
2024-09-19 18:31:09,908 - INFO - Processing resources\snareDrum\149.jpg
2024-09-19 18:31:09,943 - INFO - Processing resources\snareDrum\15.jpg
2024-09-19 18:31:09,992 - INFO - Processing resources\snareDrum\150.jpg
2024-09-19 18:31:10,040 - INFO - Processing resources\snareDrum\151.jpg
2024-09-19 18:31:10,075 - INFO - Processing resources\snareDrum\152.jpg
2024-09-19 18:31:10,124 - WARNING - Found 126 landmarks at resources\snareDrum\152.jpg.
2024-09-19 18:31:10,124 - INFO - Processing resources\snareDrum\153.jpg
2024-09-19 18:31:10,144 - INFO - Processing resources\snareDrum\154.jpg
2024-09-19 18:31:10,180 - INFO - Processing resources\snareDrum\155.jpg
2024-09-19 18:31:10,215 - INFO - Processing resources\snareDrum\156.jpg
2024-09-19 18:31:10,250 - INFO - Processing resources\snareDrum\157.jpg
2024-09-19 18:31:10,285 - INFO - Processing resources\snareDrum\158.jpg
2024-09-19 18:31:10,320 - INFO - Processing resources\snareDrum\159.jpg
2024-09-19 18:31:10,371 - WARNING - Found 126 landmarks at resources\snareDrum\159.jpg.
2024-09-19 18:31:10,371 - INFO - Processing resources\snareDrum\16.jpg
2024-09-19 18:31:10,390 - WARNING - Found 0 landmarks at resources\snareDrum\16.jpg.
2024-09-19 18:31:10,390 - INFO - Processing resources\snareDrum\160.jpg
2024-09-19 18:31:10,425 - INFO - Processing resources\snareDrum\161.jpg
2024-09-19 18:31:10,459 - INFO - Processing resources\snareDrum\162.jpg
2024-09-19 18:31:10,495 - INFO - Processing resources\snareDrum\163.jpg
2024-09-19 18:31:10,529 - INFO - Processing resources\snareDrum\164.jpg
2024-09-19 18:31:10,578 - WARNING - Found 126 landmarks at resources\snareDrum\164.jpg.
2024-09-19 18:31:10,578 - INFO - Processing resources\snareDrum\165.jpg
2024-09-19 18:31:10,597 - INFO - Processing resources\snareDrum\166.jpg
2024-09-19 18:31:10,632 - INFO - Processing resources\snareDrum\167.jpg
2024-09-19 18:31:10,667 - INFO - Processing resources\snareDrum\168.jpg
2024-09-19 18:31:10,701 - INFO - Processing resources\snareDrum\169.jpg
2024-09-19 18:31:10,736 - INFO - Processing resources\snareDrum\17.jpg
2024-09-19 18:31:10,785 - INFO - Processing resources\snareDrum\170.jpg
2024-09-19 18:31:10,834 - INFO - Processing resources\snareDrum\171.jpg
2024-09-19 18:31:10,868 - INFO - Processing resources\snareDrum\172.jpg
2024-09-19 18:31:10,904 - INFO - Processing resources\snareDrum\173.jpg
2024-09-19 18:31:10,952 - INFO - Processing resources\snareDrum\174.jpg
2024-09-19 18:31:10,988 - INFO - Processing resources\snareDrum\175.jpg
2024-09-19 18:31:11,023 - INFO - Processing resources\snareDrum\176.jpg
2024-09-19 18:31:11,057 - INFO - Processing resources\snareDrum\177.jpg
2024-09-19 18:31:11,091 - INFO - Processing resources\snareDrum\178.jpg
2024-09-19 18:31:11,129 - INFO - Processing resources\snareDrum\179.jpg
2024-09-19 18:31:11,165 - INFO - Processing resources\snareDrum\18.jpg
2024-09-19 18:31:11,215 - INFO - Processing resources\snareDrum\180.jpg
2024-09-19 18:31:11,267 - INFO - Processing resources\snareDrum\181.jpg
2024-09-19 18:31:11,302 - INFO - Processing resources\snareDrum\182.jpg
2024-09-19 18:31:11,336 - INFO - Processing resources\snareDrum\183.jpg
2024-09-19 18:31:11,372 - INFO - Processing resources\snareDrum\184.jpg
2024-09-19 18:31:11,406 - INFO - Processing resources\snareDrum\185.jpg
2024-09-19 18:31:11,443 - INFO - Processing resources\snareDrum\186.jpg
2024-09-19 18:31:11,483 - INFO - Processing resources\snareDrum\187.jpg
2024-09-19 18:31:11,517 - INFO - Processing resources\snareDrum\188.jpg
2024-09-19 18:31:11,566 - WARNING - Found 0 landmarks at resources\snareDrum\188.jpg.
2024-09-19 18:31:11,566 - INFO - Processing resources\snareDrum\189.jpg
2024-09-19 18:31:11,602 - INFO - Processing resources\snareDrum\19.jpg
2024-09-19 18:31:11,652 - INFO - Processing resources\snareDrum\190.jpg
2024-09-19 18:31:11,701 - INFO - Processing resources\snareDrum\191.jpg
2024-09-19 18:31:11,736 - INFO - Processing resources\snareDrum\192.jpg
2024-09-19 18:31:11,771 - INFO - Processing resources\snareDrum\193.jpg
2024-09-19 18:31:11,806 - INFO - Processing resources\snareDrum\194.jpg
2024-09-19 18:31:11,841 - INFO - Processing resources\snareDrum\195.jpg
2024-09-19 18:31:11,877 - INFO - Processing resources\snareDrum\196.jpg
2024-09-19 18:31:11,911 - INFO - Processing resources\snareDrum\197.jpg
2024-09-19 18:31:11,945 - INFO - Processing resources\snareDrum\198.jpg
2024-09-19 18:31:11,996 - WARNING - Found 126 landmarks at resources\snareDrum\198.jpg.
2024-09-19 18:31:11,997 - INFO - Processing resources\snareDrum\199.jpg
2024-09-19 18:31:12,016 - INFO - Processing resources\snareDrum\2.jpg
2024-09-19 18:31:12,065 - INFO - Processing resources\snareDrum\20.jpg
2024-09-19 18:31:12,100 - INFO - Processing resources\snareDrum\21.jpg
2024-09-19 18:31:12,134 - INFO - Processing resources\snareDrum\22.jpg
2024-09-19 18:31:12,168 - INFO - Processing resources\snareDrum\23.jpg
2024-09-19 18:31:12,204 - INFO - Processing resources\snareDrum\24.jpg
2024-09-19 18:31:12,237 - INFO - Processing resources\snareDrum\25.jpg
2024-09-19 18:31:12,273 - INFO - Processing resources\snareDrum\26.jpg
2024-09-19 18:31:12,308 - INFO - Processing resources\snareDrum\27.jpg
2024-09-19 18:31:12,342 - INFO - Processing resources\snareDrum\28.jpg
2024-09-19 18:31:12,377 - INFO - Processing resources\snareDrum\29.jpg
2024-09-19 18:31:12,431 - WARNING - Found 126 landmarks at resources\snareDrum\29.jpg.
2024-09-19 18:31:12,431 - INFO - Processing resources\snareDrum\3.jpg
2024-09-19 18:31:12,450 - INFO - Processing resources\snareDrum\30.jpg
2024-09-19 18:31:12,500 - WARNING - Found 126 landmarks at resources\snareDrum\30.jpg.
2024-09-19 18:31:12,500 - INFO - Processing resources\snareDrum\31.jpg
2024-09-19 18:31:12,518 - INFO - Processing resources\snareDrum\32.jpg
2024-09-19 18:31:12,553 - INFO - Processing resources\snareDrum\33.jpg
2024-09-19 18:31:12,589 - INFO - Processing resources\snareDrum\34.jpg
2024-09-19 18:31:12,623 - INFO - Processing resources\snareDrum\35.jpg
2024-09-19 18:31:12,658 - INFO - Processing resources\snareDrum\36.jpg
2024-09-19 18:31:12,693 - INFO - Processing resources\snareDrum\37.jpg
2024-09-19 18:31:12,741 - WARNING - Found 0 landmarks at resources\snareDrum\37.jpg.
2024-09-19 18:31:12,741 - INFO - Processing resources\snareDrum\38.jpg
2024-09-19 18:31:12,776 - WARNING - Found 0 landmarks at resources\snareDrum\38.jpg.
2024-09-19 18:31:12,776 - INFO - Processing resources\snareDrum\39.jpg
2024-09-19 18:31:12,812 - INFO - Processing resources\snareDrum\4.jpg
2024-09-19 18:31:12,859 - INFO - Processing resources\snareDrum\40.jpg
2024-09-19 18:31:12,909 - INFO - Processing resources\snareDrum\41.jpg
2024-09-19 18:31:12,943 - WARNING - Found 0 landmarks at resources\snareDrum\41.jpg.
2024-09-19 18:31:12,943 - INFO - Processing resources\snareDrum\42.jpg
2024-09-19 18:31:12,978 - INFO - Processing resources\snareDrum\43.jpg
2024-09-19 18:31:13,015 - INFO - Processing resources\snareDrum\44.jpg
2024-09-19 18:31:13,048 - INFO - Processing resources\snareDrum\45.jpg
2024-09-19 18:31:13,085 - INFO - Processing resources\snareDrum\46.jpg
2024-09-19 18:31:13,119 - INFO - Processing resources\snareDrum\47.jpg
2024-09-19 18:31:13,154 - INFO - Processing resources\snareDrum\48.jpg
2024-09-19 18:31:13,190 - INFO - Processing resources\snareDrum\49.jpg
2024-09-19 18:31:13,224 - INFO - Processing resources\snareDrum\5.jpg
2024-09-19 18:31:13,274 - INFO - Processing resources\snareDrum\50.jpg
2024-09-19 18:31:13,323 - INFO - Processing resources\snareDrum\51.jpg
2024-09-19 18:31:13,357 - INFO - Processing resources\snareDrum\52.jpg
2024-09-19 18:31:13,391 - INFO - Processing resources\snareDrum\53.jpg
2024-09-19 18:31:13,427 - INFO - Processing resources\snareDrum\54.jpg
2024-09-19 18:31:13,462 - INFO - Processing resources\snareDrum\55.jpg
2024-09-19 18:31:13,498 - INFO - Processing resources\snareDrum\56.jpg
2024-09-19 18:31:13,533 - INFO - Processing resources\snareDrum\57.jpg
2024-09-19 18:31:13,568 - INFO - Processing resources\snareDrum\58.jpg
2024-09-19 18:31:13,604 - INFO - Processing resources\snareDrum\59.jpg
2024-09-19 18:31:13,653 - WARNING - Found 126 landmarks at resources\snareDrum\59.jpg.
2024-09-19 18:31:13,654 - INFO - Processing resources\snareDrum\6.jpg
2024-09-19 18:31:13,672 - WARNING - Found 0 landmarks at resources\snareDrum\6.jpg.
2024-09-19 18:31:13,672 - INFO - Processing resources\snareDrum\60.jpg
2024-09-19 18:31:13,707 - INFO - Processing resources\snareDrum\61.jpg
2024-09-19 18:31:13,741 - INFO - Processing resources\snareDrum\62.jpg
2024-09-19 18:31:13,776 - INFO - Processing resources\snareDrum\63.jpg
2024-09-19 18:31:13,811 - INFO - Processing resources\snareDrum\64.jpg
2024-09-19 18:31:13,868 - WARNING - Found 126 landmarks at resources\snareDrum\64.jpg.
2024-09-19 18:31:13,869 - INFO - Processing resources\snareDrum\65.jpg
2024-09-19 18:31:13,888 - INFO - Processing resources\snareDrum\66.jpg
2024-09-19 18:31:13,923 - INFO - Processing resources\snareDrum\67.jpg
2024-09-19 18:31:13,959 - INFO - Processing resources\snareDrum\68.jpg
2024-09-19 18:31:13,992 - INFO - Processing resources\snareDrum\69.jpg
2024-09-19 18:31:14,027 - INFO - Processing resources\snareDrum\7.jpg
2024-09-19 18:31:14,076 - INFO - Processing resources\snareDrum\70.jpg
2024-09-19 18:31:14,125 - INFO - Processing resources\snareDrum\71.jpg
2024-09-19 18:31:14,176 - WARNING - Found 126 landmarks at resources\snareDrum\71.jpg.
2024-09-19 18:31:14,176 - INFO - Processing resources\snareDrum\72.jpg
2024-09-19 18:31:14,195 - INFO - Processing resources\snareDrum\73.jpg
2024-09-19 18:31:14,229 - INFO - Processing resources\snareDrum\74.jpg
2024-09-19 18:31:14,263 - INFO - Processing resources\snareDrum\75.jpg
2024-09-19 18:31:14,298 - INFO - Processing resources\snareDrum\76.jpg
2024-09-19 18:31:14,334 - INFO - Processing resources\snareDrum\77.jpg
2024-09-19 18:31:14,368 - INFO - Processing resources\snareDrum\78.jpg
2024-09-19 18:31:14,403 - INFO - Processing resources\snareDrum\79.jpg
2024-09-19 18:31:14,452 - WARNING - Found 126 landmarks at resources\snareDrum\79.jpg.
2024-09-19 18:31:14,453 - INFO - Processing resources\snareDrum\8.jpg
2024-09-19 18:31:14,471 - WARNING - Found 0 landmarks at resources\snareDrum\8.jpg.
2024-09-19 18:31:14,471 - INFO - Processing resources\snareDrum\80.jpg
2024-09-19 18:31:14,507 - INFO - Processing resources\snareDrum\81.jpg
2024-09-19 18:31:14,541 - INFO - Processing resources\snareDrum\82.jpg
2024-09-19 18:31:14,577 - INFO - Processing resources\snareDrum\83.jpg
2024-09-19 18:31:14,612 - INFO - Processing resources\snareDrum\84.jpg
2024-09-19 18:31:14,647 - INFO - Processing resources\snareDrum\85.jpg
2024-09-19 18:31:14,680 - INFO - Processing resources\snareDrum\86.jpg
2024-09-19 18:31:14,716 - INFO - Processing resources\snareDrum\87.jpg
2024-09-19 18:31:14,751 - INFO - Processing resources\snareDrum\88.jpg
2024-09-19 18:31:14,786 - INFO - Processing resources\snareDrum\89.jpg
2024-09-19 18:31:14,821 - INFO - Processing resources\snareDrum\9.jpg
2024-09-19 18:31:14,870 - INFO - Processing resources\snareDrum\90.jpg
2024-09-19 18:31:14,920 - INFO - Processing resources\snareDrum\91.jpg
2024-09-19 18:31:14,954 - INFO - Processing resources\snareDrum\92.jpg
2024-09-19 18:31:14,990 - INFO - Processing resources\snareDrum\93.jpg
2024-09-19 18:31:15,025 - INFO - Processing resources\snareDrum\94.jpg
2024-09-19 18:31:15,059 - INFO - Processing resources\snareDrum\95.jpg
2024-09-19 18:31:15,109 - WARNING - Found 126 landmarks at resources\snareDrum\95.jpg.
2024-09-19 18:31:15,110 - INFO - Processing resources\snareDrum\96.jpg
2024-09-19 18:31:15,129 - INFO - Processing resources\snareDrum\97.jpg
2024-09-19 18:31:15,179 - WARNING - Found 126 landmarks at resources\snareDrum\97.jpg.
2024-09-19 18:31:15,179 - INFO - Processing resources\snareDrum\98.jpg
2024-09-19 18:31:15,198 - INFO - Processing resources\snareDrum\99.jpg
2024-09-19 18:31:15,248 - WARNING - Found 126 landmarks at resources\snareDrum\99.jpg.
2024-09-19 18:31:15,248 - INFO - Processing resources\trumpet\0.jpg
2024-09-19 18:31:15,267 - WARNING - Found 0 landmarks at resources\trumpet\0.jpg.
2024-09-19 18:31:15,267 - INFO - Processing resources\trumpet\1.jpg
2024-09-19 18:31:15,302 - INFO - Processing resources\trumpet\10.jpg
2024-09-19 18:31:15,336 - INFO - Processing resources\trumpet\100.jpg
2024-09-19 18:31:15,386 - INFO - Processing resources\trumpet\101.jpg
2024-09-19 18:31:15,422 - INFO - Processing resources\trumpet\102.jpg
2024-09-19 18:31:15,457 - INFO - Processing resources\trumpet\103.jpg
2024-09-19 18:31:15,491 - INFO - Processing resources\trumpet\104.jpg
2024-09-19 18:31:15,525 - INFO - Processing resources\trumpet\105.jpg
2024-09-19 18:31:15,561 - INFO - Processing resources\trumpet\106.jpg
2024-09-19 18:31:15,595 - INFO - Processing resources\trumpet\107.jpg
2024-09-19 18:31:15,629 - INFO - Processing resources\trumpet\108.jpg
2024-09-19 18:31:15,663 - INFO - Processing resources\trumpet\109.jpg
2024-09-19 18:31:15,698 - INFO - Processing resources\trumpet\11.jpg
2024-09-19 18:31:15,749 - INFO - Processing resources\trumpet\110.jpg
2024-09-19 18:31:15,798 - INFO - Processing resources\trumpet\111.jpg
2024-09-19 18:31:15,831 - INFO - Processing resources\trumpet\112.jpg
2024-09-19 18:31:15,866 - INFO - Processing resources\trumpet\113.jpg
2024-09-19 18:31:15,902 - INFO - Processing resources\trumpet\114.jpg
2024-09-19 18:31:15,937 - INFO - Processing resources\trumpet\115.jpg
2024-09-19 18:31:15,972 - INFO - Processing resources\trumpet\116.jpg
2024-09-19 18:31:16,007 - INFO - Processing resources\trumpet\117.jpg
2024-09-19 18:31:16,042 - INFO - Processing resources\trumpet\118.jpg
2024-09-19 18:31:16,076 - INFO - Processing resources\trumpet\119.jpg
2024-09-19 18:31:16,113 - INFO - Processing resources\trumpet\12.jpg
2024-09-19 18:31:16,166 - INFO - Processing resources\trumpet\120.jpg
2024-09-19 18:31:16,216 - INFO - Processing resources\trumpet\121.jpg
2024-09-19 18:31:16,251 - INFO - Processing resources\trumpet\122.jpg
2024-09-19 18:31:16,285 - INFO - Processing resources\trumpet\123.jpg
2024-09-19 18:31:16,335 - WARNING - Found 126 landmarks at resources\trumpet\123.jpg.
2024-09-19 18:31:16,335 - INFO - Processing resources\trumpet\124.jpg
2024-09-19 18:31:16,355 - INFO - Processing resources\trumpet\125.jpg
2024-09-19 18:31:16,389 - INFO - Processing resources\trumpet\126.jpg
2024-09-19 18:31:16,439 - WARNING - Found 126 landmarks at resources\trumpet\126.jpg.
2024-09-19 18:31:16,439 - INFO - Processing resources\trumpet\127.jpg
2024-09-19 18:31:16,458 - INFO - Processing resources\trumpet\128.jpg
2024-09-19 18:31:16,492 - INFO - Processing resources\trumpet\129.jpg
2024-09-19 18:31:16,527 - INFO - Processing resources\trumpet\13.jpg
2024-09-19 18:31:16,577 - INFO - Processing resources\trumpet\130.jpg
2024-09-19 18:31:16,628 - INFO - Processing resources\trumpet\131.jpg
2024-09-19 18:31:16,663 - INFO - Processing resources\trumpet\132.jpg
2024-09-19 18:31:16,699 - INFO - Processing resources\trumpet\133.jpg
2024-09-19 18:31:16,734 - INFO - Processing resources\trumpet\134.jpg
2024-09-19 18:31:16,769 - INFO - Processing resources\trumpet\135.jpg
2024-09-19 18:31:16,804 - INFO - Processing resources\trumpet\136.jpg
2024-09-19 18:31:16,840 - INFO - Processing resources\trumpet\137.jpg
2024-09-19 18:31:16,875 - INFO - Processing resources\trumpet\138.jpg
2024-09-19 18:31:16,908 - INFO - Processing resources\trumpet\139.jpg
2024-09-19 18:31:16,944 - INFO - Processing resources\trumpet\14.jpg
2024-09-19 18:31:16,993 - INFO - Processing resources\trumpet\140.jpg
2024-09-19 18:31:17,042 - INFO - Processing resources\trumpet\141.jpg
2024-09-19 18:31:17,076 - INFO - Processing resources\trumpet\142.jpg
2024-09-19 18:31:17,111 - INFO - Processing resources\trumpet\143.jpg
2024-09-19 18:31:17,146 - INFO - Processing resources\trumpet\144.jpg
2024-09-19 18:31:17,179 - INFO - Processing resources\trumpet\145.jpg
2024-09-19 18:31:17,214 - INFO - Processing resources\trumpet\146.jpg
2024-09-19 18:31:17,248 - INFO - Processing resources\trumpet\147.jpg
2024-09-19 18:31:17,283 - INFO - Processing resources\trumpet\148.jpg
2024-09-19 18:31:17,318 - INFO - Processing resources\trumpet\149.jpg
2024-09-19 18:31:17,354 - INFO - Processing resources\trumpet\15.jpg
2024-09-19 18:31:17,402 - INFO - Processing resources\trumpet\150.jpg
2024-09-19 18:31:17,452 - INFO - Processing resources\trumpet\151.jpg
2024-09-19 18:31:17,486 - INFO - Processing resources\trumpet\152.jpg
2024-09-19 18:31:17,521 - INFO - Processing resources\trumpet\153.jpg
2024-09-19 18:31:17,557 - INFO - Processing resources\trumpet\154.jpg
2024-09-19 18:31:17,591 - INFO - Processing resources\trumpet\155.jpg
2024-09-19 18:31:17,626 - INFO - Processing resources\trumpet\156.jpg
2024-09-19 18:31:17,660 - INFO - Processing resources\trumpet\157.jpg
2024-09-19 18:31:17,696 - INFO - Processing resources\trumpet\158.jpg
2024-09-19 18:31:17,731 - INFO - Processing resources\trumpet\159.jpg
2024-09-19 18:31:17,765 - INFO - Processing resources\trumpet\16.jpg
2024-09-19 18:31:17,816 - INFO - Processing resources\trumpet\160.jpg
2024-09-19 18:31:17,864 - INFO - Processing resources\trumpet\161.jpg
2024-09-19 18:31:17,898 - INFO - Processing resources\trumpet\162.jpg
2024-09-19 18:31:17,932 - INFO - Processing resources\trumpet\163.jpg
2024-09-19 18:31:17,967 - INFO - Processing resources\trumpet\164.jpg
2024-09-19 18:31:18,004 - INFO - Processing resources\trumpet\165.jpg
2024-09-19 18:31:18,038 - INFO - Processing resources\trumpet\166.jpg
2024-09-19 18:31:18,088 - WARNING - Found 126 landmarks at resources\trumpet\166.jpg.
2024-09-19 18:31:18,088 - INFO - Processing resources\trumpet\167.jpg
2024-09-19 18:31:18,107 - INFO - Processing resources\trumpet\168.jpg
2024-09-19 18:31:18,142 - INFO - Processing resources\trumpet\169.jpg
2024-09-19 18:31:18,178 - INFO - Processing resources\trumpet\17.jpg
2024-09-19 18:31:18,227 - INFO - Processing resources\trumpet\170.jpg
2024-09-19 18:31:18,275 - INFO - Processing resources\trumpet\171.jpg
2024-09-19 18:31:18,309 - INFO - Processing resources\trumpet\172.jpg
2024-09-19 18:31:18,344 - INFO - Processing resources\trumpet\173.jpg
2024-09-19 18:31:18,398 - INFO - Processing resources\trumpet\174.jpg
2024-09-19 18:31:18,435 - INFO - Processing resources\trumpet\175.jpg
2024-09-19 18:31:18,469 - INFO - Processing resources\trumpet\176.jpg
2024-09-19 18:31:18,520 - WARNING - Found 126 landmarks at resources\trumpet\176.jpg.
2024-09-19 18:31:18,520 - INFO - Processing resources\trumpet\177.jpg
2024-09-19 18:31:18,539 - INFO - Processing resources\trumpet\178.jpg
2024-09-19 18:31:18,574 - INFO - Processing resources\trumpet\179.jpg
2024-09-19 18:31:18,609 - INFO - Processing resources\trumpet\18.jpg
2024-09-19 18:31:18,657 - INFO - Processing resources\trumpet\180.jpg
2024-09-19 18:31:18,706 - INFO - Processing resources\trumpet\181.jpg
2024-09-19 18:31:18,741 - INFO - Processing resources\trumpet\182.jpg
2024-09-19 18:31:18,774 - INFO - Processing resources\trumpet\183.jpg
2024-09-19 18:31:18,810 - INFO - Processing resources\trumpet\184.jpg
2024-09-19 18:31:18,846 - INFO - Processing resources\trumpet\185.jpg
2024-09-19 18:31:18,881 - INFO - Processing resources\trumpet\186.jpg
2024-09-19 18:31:18,916 - INFO - Processing resources\trumpet\187.jpg
2024-09-19 18:31:18,953 - INFO - Processing resources\trumpet\188.jpg
2024-09-19 18:31:18,988 - INFO - Processing resources\trumpet\189.jpg
2024-09-19 18:31:19,024 - INFO - Processing resources\trumpet\19.jpg
2024-09-19 18:31:19,073 - INFO - Processing resources\trumpet\190.jpg
2024-09-19 18:31:19,123 - INFO - Processing resources\trumpet\191.jpg
2024-09-19 18:31:19,159 - INFO - Processing resources\trumpet\192.jpg
2024-09-19 18:31:19,193 - INFO - Processing resources\trumpet\193.jpg
2024-09-19 18:31:19,229 - INFO - Processing resources\trumpet\194.jpg
2024-09-19 18:31:19,264 - INFO - Processing resources\trumpet\195.jpg
2024-09-19 18:31:19,299 - INFO - Processing resources\trumpet\196.jpg
2024-09-19 18:31:19,334 - INFO - Processing resources\trumpet\197.jpg
2024-09-19 18:31:19,369 - INFO - Processing resources\trumpet\198.jpg
2024-09-19 18:31:19,404 - INFO - Processing resources\trumpet\199.jpg
2024-09-19 18:31:19,439 - INFO - Processing resources\trumpet\2.jpg
2024-09-19 18:31:19,489 - INFO - Processing resources\trumpet\20.jpg
2024-09-19 18:31:19,523 - INFO - Processing resources\trumpet\21.jpg
2024-09-19 18:31:19,558 - INFO - Processing resources\trumpet\22.jpg
2024-09-19 18:31:19,594 - INFO - Processing resources\trumpet\23.jpg
2024-09-19 18:31:19,627 - INFO - Processing resources\trumpet\24.jpg
2024-09-19 18:31:19,662 - INFO - Processing resources\trumpet\25.jpg
2024-09-19 18:31:19,698 - INFO - Processing resources\trumpet\26.jpg
2024-09-19 18:31:19,734 - INFO - Processing resources\trumpet\27.jpg
2024-09-19 18:31:19,769 - INFO - Processing resources\trumpet\28.jpg
2024-09-19 18:31:19,803 - INFO - Processing resources\trumpet\29.jpg
2024-09-19 18:31:19,839 - INFO - Processing resources\trumpet\3.jpg
2024-09-19 18:31:19,888 - INFO - Processing resources\trumpet\30.jpg
2024-09-19 18:31:19,937 - INFO - Processing resources\trumpet\31.jpg
2024-09-19 18:31:19,972 - INFO - Processing resources\trumpet\32.jpg
2024-09-19 18:31:20,007 - INFO - Processing resources\trumpet\33.jpg
2024-09-19 18:31:20,041 - INFO - Processing resources\trumpet\34.jpg
2024-09-19 18:31:20,091 - WARNING - Found 126 landmarks at resources\trumpet\34.jpg.
2024-09-19 18:31:20,091 - INFO - Processing resources\trumpet\35.jpg
2024-09-19 18:31:20,110 - INFO - Processing resources\trumpet\36.jpg
2024-09-19 18:31:20,161 - WARNING - Found 126 landmarks at resources\trumpet\36.jpg.
2024-09-19 18:31:20,161 - INFO - Processing resources\trumpet\37.jpg
2024-09-19 18:31:20,181 - INFO - Processing resources\trumpet\38.jpg
2024-09-19 18:31:20,230 - WARNING - Found 126 landmarks at resources\trumpet\38.jpg.
2024-09-19 18:31:20,231 - INFO - Processing resources\trumpet\39.jpg
2024-09-19 18:31:20,250 - INFO - Processing resources\trumpet\4.jpg
2024-09-19 18:31:20,300 - INFO - Processing resources\trumpet\40.jpg
2024-09-19 18:31:20,350 - INFO - Processing resources\trumpet\41.jpg
2024-09-19 18:31:20,385 - INFO - Processing resources\trumpet\42.jpg
2024-09-19 18:31:20,420 - INFO - Processing resources\trumpet\43.jpg
2024-09-19 18:31:20,455 - INFO - Processing resources\trumpet\44.jpg
2024-09-19 18:31:20,490 - INFO - Processing resources\trumpet\45.jpg
2024-09-19 18:31:20,524 - INFO - Processing resources\trumpet\46.jpg
2024-09-19 18:31:20,559 - INFO - Processing resources\trumpet\47.jpg
2024-09-19 18:31:20,595 - INFO - Processing resources\trumpet\48.jpg
2024-09-19 18:31:20,632 - INFO - Processing resources\trumpet\49.jpg
2024-09-19 18:31:20,670 - INFO - Processing resources\trumpet\5.jpg
2024-09-19 18:31:20,718 - INFO - Processing resources\trumpet\50.jpg
2024-09-19 18:31:20,768 - INFO - Processing resources\trumpet\51.jpg
2024-09-19 18:31:20,803 - INFO - Processing resources\trumpet\52.jpg
2024-09-19 18:31:20,838 - INFO - Processing resources\trumpet\53.jpg
2024-09-19 18:31:20,874 - INFO - Processing resources\trumpet\54.jpg
2024-09-19 18:31:20,908 - INFO - Processing resources\trumpet\55.jpg
2024-09-19 18:31:20,944 - INFO - Processing resources\trumpet\56.jpg
2024-09-19 18:31:20,978 - INFO - Processing resources\trumpet\57.jpg
2024-09-19 18:31:21,013 - INFO - Processing resources\trumpet\58.jpg
2024-09-19 18:31:21,051 - INFO - Processing resources\trumpet\59.jpg
2024-09-19 18:31:21,087 - INFO - Processing resources\trumpet\6.jpg
2024-09-19 18:31:21,138 - INFO - Processing resources\trumpet\60.jpg
2024-09-19 18:31:21,187 - INFO - Processing resources\trumpet\61.jpg
2024-09-19 18:31:21,220 - INFO - Processing resources\trumpet\62.jpg
2024-09-19 18:31:21,255 - INFO - Processing resources\trumpet\63.jpg
2024-09-19 18:31:21,291 - INFO - Processing resources\trumpet\64.jpg
2024-09-19 18:31:21,326 - INFO - Processing resources\trumpet\65.jpg
2024-09-19 18:31:21,360 - INFO - Processing resources\trumpet\66.jpg
2024-09-19 18:31:21,394 - INFO - Processing resources\trumpet\67.jpg
2024-09-19 18:31:21,429 - INFO - Processing resources\trumpet\68.jpg
2024-09-19 18:31:21,464 - INFO - Processing resources\trumpet\69.jpg
2024-09-19 18:31:21,500 - INFO - Processing resources\trumpet\7.jpg
2024-09-19 18:31:21,550 - INFO - Processing resources\trumpet\70.jpg
2024-09-19 18:31:21,598 - INFO - Processing resources\trumpet\71.jpg
2024-09-19 18:31:21,634 - INFO - Processing resources\trumpet\72.jpg
2024-09-19 18:31:21,669 - INFO - Processing resources\trumpet\73.jpg
2024-09-19 18:31:21,703 - INFO - Processing resources\trumpet\74.jpg
2024-09-19 18:31:21,752 - WARNING - Found 126 landmarks at resources\trumpet\74.jpg.
2024-09-19 18:31:21,752 - INFO - Processing resources\trumpet\75.jpg
2024-09-19 18:31:21,771 - INFO - Processing resources\trumpet\76.jpg
2024-09-19 18:31:21,809 - INFO - Processing resources\trumpet\77.jpg
2024-09-19 18:31:21,844 - INFO - Processing resources\trumpet\78.jpg
2024-09-19 18:31:21,879 - INFO - Processing resources\trumpet\79.jpg
2024-09-19 18:31:21,916 - INFO - Processing resources\trumpet\8.jpg
2024-09-19 18:31:21,966 - INFO - Processing resources\trumpet\80.jpg
2024-09-19 18:31:22,016 - INFO - Processing resources\trumpet\81.jpg
2024-09-19 18:31:22,052 - INFO - Processing resources\trumpet\82.jpg
2024-09-19 18:31:22,100 - INFO - Processing resources\trumpet\83.jpg
2024-09-19 18:31:22,136 - INFO - Processing resources\trumpet\84.jpg
2024-09-19 18:31:22,170 - INFO - Processing resources\trumpet\85.jpg
2024-09-19 18:31:22,206 - INFO - Processing resources\trumpet\86.jpg
2024-09-19 18:31:22,242 - INFO - Processing resources\trumpet\87.jpg
2024-09-19 18:31:22,277 - INFO - Processing resources\trumpet\88.jpg
2024-09-19 18:31:22,311 - INFO - Processing resources\trumpet\89.jpg
2024-09-19 18:31:22,346 - INFO - Processing resources\trumpet\9.jpg
2024-09-19 18:31:22,393 - INFO - Processing resources\trumpet\90.jpg
2024-09-19 18:31:22,444 - INFO - Processing resources\trumpet\91.jpg
2024-09-19 18:31:22,479 - INFO - Processing resources\trumpet\92.jpg
2024-09-19 18:31:22,514 - INFO - Processing resources\trumpet\93.jpg
2024-09-19 18:31:22,551 - INFO - Processing resources\trumpet\94.jpg
2024-09-19 18:31:22,586 - INFO - Processing resources\trumpet\95.jpg
2024-09-19 18:31:22,622 - INFO - Processing resources\trumpet\96.jpg
2024-09-19 18:31:22,658 - INFO - Processing resources\trumpet\97.jpg
2024-09-19 18:31:22,708 - WARNING - Found 126 landmarks at resources\trumpet\97.jpg.
2024-09-19 18:31:22,708 - INFO - Processing resources\trumpet\98.jpg
2024-09-19 18:31:22,726 - INFO - Processing resources\trumpet\99.jpg
2024-09-19 18:31:22,762 - INFO - Processing resources\violin\0.jpg
2024-09-19 18:31:22,797 - INFO - Processing resources\violin\1.jpg
2024-09-19 18:31:22,832 - INFO - Processing resources\violin\10.jpg
2024-09-19 18:31:22,867 - INFO - Processing resources\violin\100.jpg
2024-09-19 18:31:22,915 - INFO - Processing resources\violin\101.jpg
2024-09-19 18:31:22,950 - INFO - Processing resources\violin\102.jpg
2024-09-19 18:31:22,985 - INFO - Processing resources\violin\103.jpg
2024-09-19 18:31:23,023 - INFO - Processing resources\violin\104.jpg
2024-09-19 18:31:23,059 - INFO - Processing resources\violin\105.jpg
2024-09-19 18:31:23,096 - INFO - Processing resources\violin\106.jpg
2024-09-19 18:31:23,131 - INFO - Processing resources\violin\107.jpg
2024-09-19 18:31:23,168 - INFO - Processing resources\violin\108.jpg
2024-09-19 18:31:23,216 - WARNING - Found 126 landmarks at resources\violin\108.jpg.
2024-09-19 18:31:23,216 - INFO - Processing resources\violin\109.jpg
2024-09-19 18:31:23,235 - INFO - Processing resources\violin\11.jpg
2024-09-19 18:31:23,284 - INFO - Processing resources\violin\110.jpg
2024-09-19 18:31:23,333 - INFO - Processing resources\violin\111.jpg
2024-09-19 18:31:23,367 - INFO - Processing resources\violin\112.jpg
2024-09-19 18:31:23,402 - INFO - Processing resources\violin\113.jpg
2024-09-19 18:31:23,439 - INFO - Processing resources\violin\114.jpg
2024-09-19 18:31:23,473 - INFO - Processing resources\violin\115.jpg
2024-09-19 18:31:23,509 - INFO - Processing resources\violin\116.jpg
2024-09-19 18:31:23,543 - INFO - Processing resources\violin\117.jpg
2024-09-19 18:31:23,579 - INFO - Processing resources\violin\118.jpg
2024-09-19 18:31:23,613 - INFO - Processing resources\violin\119.jpg
2024-09-19 18:31:23,648 - INFO - Processing resources\violin\12.jpg
2024-09-19 18:31:23,698 - INFO - Processing resources\violin\120.jpg
2024-09-19 18:31:23,745 - INFO - Processing resources\violin\121.jpg
2024-09-19 18:31:23,781 - INFO - Processing resources\violin\122.jpg
2024-09-19 18:31:23,815 - INFO - Processing resources\violin\123.jpg
2024-09-19 18:31:23,850 - INFO - Processing resources\violin\124.jpg
2024-09-19 18:31:23,886 - INFO - Processing resources\violin\125.jpg
2024-09-19 18:31:23,920 - INFO - Processing resources\violin\126.jpg
2024-09-19 18:31:23,954 - INFO - Processing resources\violin\127.jpg
2024-09-19 18:31:23,990 - INFO - Processing resources\violin\128.jpg
2024-09-19 18:31:24,024 - INFO - Processing resources\violin\129.jpg
2024-09-19 18:31:24,059 - INFO - Processing resources\violin\13.jpg
2024-09-19 18:31:24,109 - INFO - Processing resources\violin\130.jpg
2024-09-19 18:31:24,157 - INFO - Processing resources\violin\131.jpg
2024-09-19 18:31:24,192 - INFO - Processing resources\violin\132.jpg
2024-09-19 18:31:24,227 - INFO - Processing resources\violin\133.jpg
2024-09-19 18:31:24,262 - INFO - Processing resources\violin\134.jpg
2024-09-19 18:31:24,295 - INFO - Processing resources\violin\135.jpg
2024-09-19 18:31:24,331 - INFO - Processing resources\violin\136.jpg
2024-09-19 18:31:24,366 - INFO - Processing resources\violin\137.jpg
2024-09-19 18:31:24,415 - INFO - Processing resources\violin\138.jpg
2024-09-19 18:31:24,449 - INFO - Processing resources\violin\139.jpg
2024-09-19 18:31:24,484 - INFO - Processing resources\violin\14.jpg
2024-09-19 18:31:24,533 - INFO - Processing resources\violin\140.jpg
2024-09-19 18:31:24,583 - INFO - Processing resources\violin\141.jpg
2024-09-19 18:31:24,616 - INFO - Processing resources\violin\142.jpg
2024-09-19 18:31:24,650 - INFO - Processing resources\violin\143.jpg
2024-09-19 18:31:24,685 - INFO - Processing resources\violin\144.jpg
2024-09-19 18:31:24,719 - INFO - Processing resources\violin\145.jpg
2024-09-19 18:31:24,755 - INFO - Processing resources\violin\146.jpg
2024-09-19 18:31:24,806 - WARNING - Found 126 landmarks at resources\violin\146.jpg.
2024-09-19 18:31:24,806 - INFO - Processing resources\violin\147.jpg
2024-09-19 18:31:24,842 - WARNING - Found 126 landmarks at resources\violin\147.jpg.
2024-09-19 18:31:24,842 - INFO - Processing resources\violin\148.jpg
2024-09-19 18:31:24,861 - INFO - Processing resources\violin\149.jpg
2024-09-19 18:31:24,912 - WARNING - Found 126 landmarks at resources\violin\149.jpg.
2024-09-19 18:31:24,912 - INFO - Processing resources\violin\15.jpg
2024-09-19 18:31:24,930 - WARNING - Found 0 landmarks at resources\violin\15.jpg.
2024-09-19 18:31:24,930 - INFO - Processing resources\violin\150.jpg
2024-09-19 18:31:24,965 - INFO - Processing resources\violin\151.jpg
2024-09-19 18:31:25,000 - INFO - Processing resources\violin\152.jpg
2024-09-19 18:31:25,035 - INFO - Processing resources\violin\153.jpg
2024-09-19 18:31:25,085 - WARNING - Found 126 landmarks at resources\violin\153.jpg.
2024-09-19 18:31:25,085 - INFO - Processing resources\violin\154.jpg
2024-09-19 18:31:25,104 - INFO - Processing resources\violin\155.jpg
2024-09-19 18:31:25,138 - INFO - Processing resources\violin\156.jpg
2024-09-19 18:31:25,172 - INFO - Processing resources\violin\157.jpg
2024-09-19 18:31:25,207 - INFO - Processing resources\violin\158.jpg
2024-09-19 18:31:25,243 - INFO - Processing resources\violin\159.jpg
2024-09-19 18:31:25,291 - WARNING - Found 126 landmarks at resources\violin\159.jpg.
2024-09-19 18:31:25,291 - INFO - Processing resources\violin\16.jpg
2024-09-19 18:31:25,310 - WARNING - Found 0 landmarks at resources\violin\16.jpg.
2024-09-19 18:31:25,311 - INFO - Processing resources\violin\160.jpg
2024-09-19 18:31:25,345 - INFO - Processing resources\violin\161.jpg
2024-09-19 18:31:25,380 - INFO - Processing resources\violin\162.jpg
2024-09-19 18:31:25,414 - INFO - Processing resources\violin\163.jpg
2024-09-19 18:31:25,450 - INFO - Processing resources\violin\164.jpg
2024-09-19 18:31:25,501 - WARNING - Found 126 landmarks at resources\violin\164.jpg.
2024-09-19 18:31:25,501 - INFO - Processing resources\violin\165.jpg
2024-09-19 18:31:25,519 - INFO - Processing resources\violin\166.jpg
2024-09-19 18:31:25,569 - WARNING - Found 126 landmarks at resources\violin\166.jpg.
2024-09-19 18:31:25,569 - INFO - Processing resources\violin\167.jpg
2024-09-19 18:31:25,587 - WARNING - Found 0 landmarks at resources\violin\167.jpg.
2024-09-19 18:31:25,587 - INFO - Processing resources\violin\168.jpg
2024-09-19 18:31:25,621 - INFO - Processing resources\violin\169.jpg
2024-09-19 18:31:25,656 - INFO - Processing resources\violin\17.jpg
2024-09-19 18:31:25,705 - INFO - Processing resources\violin\170.jpg
2024-09-19 18:31:25,755 - INFO - Processing resources\violin\171.jpg
2024-09-19 18:31:25,790 - INFO - Processing resources\violin\172.jpg
2024-09-19 18:31:25,824 - INFO - Processing resources\violin\173.jpg
2024-09-19 18:31:25,860 - INFO - Processing resources\violin\174.jpg
2024-09-19 18:31:25,910 - WARNING - Found 126 landmarks at resources\violin\174.jpg.
2024-09-19 18:31:25,910 - INFO - Processing resources\violin\175.jpg
2024-09-19 18:31:25,929 - INFO - Processing resources\violin\176.jpg
2024-09-19 18:31:25,964 - INFO - Processing resources\violin\177.jpg
2024-09-19 18:31:25,998 - INFO - Processing resources\violin\178.jpg
2024-09-19 18:31:26,034 - INFO - Processing resources\violin\179.jpg
2024-09-19 18:31:26,068 - INFO - Processing resources\violin\18.jpg
2024-09-19 18:31:26,118 - INFO - Processing resources\violin\180.jpg
2024-09-19 18:31:26,165 - INFO - Processing resources\violin\181.jpg
2024-09-19 18:31:26,213 - INFO - Processing resources\violin\182.jpg
2024-09-19 18:31:26,249 - INFO - Processing resources\violin\183.jpg
2024-09-19 18:31:26,284 - INFO - Processing resources\violin\184.jpg
2024-09-19 18:31:26,319 - INFO - Processing resources\violin\185.jpg
2024-09-19 18:31:26,353 - INFO - Processing resources\violin\186.jpg
2024-09-19 18:31:26,388 - INFO - Processing resources\violin\187.jpg
2024-09-19 18:31:26,423 - INFO - Processing resources\violin\188.jpg
2024-09-19 18:31:26,460 - INFO - Processing resources\violin\189.jpg
2024-09-19 18:31:26,509 - INFO - Processing resources\violin\19.jpg
2024-09-19 18:31:26,558 - INFO - Processing resources\violin\190.jpg
2024-09-19 18:31:26,609 - INFO - Processing resources\violin\191.jpg
2024-09-19 18:31:26,649 - INFO - Processing resources\violin\192.jpg
2024-09-19 18:31:26,685 - INFO - Processing resources\violin\193.jpg
2024-09-19 18:31:26,721 - INFO - Processing resources\violin\194.jpg
2024-09-19 18:31:26,756 - INFO - Processing resources\violin\195.jpg
2024-09-19 18:31:26,791 - INFO - Processing resources\violin\196.jpg
2024-09-19 18:31:26,852 - INFO - Processing resources\violin\197.jpg
2024-09-19 18:31:26,887 - INFO - Processing resources\violin\198.jpg
2024-09-19 18:31:26,922 - INFO - Processing resources\violin\199.jpg
2024-09-19 18:31:26,958 - INFO - Processing resources\violin\2.jpg
2024-09-19 18:31:27,008 - INFO - Processing resources\violin\20.jpg
2024-09-19 18:31:27,058 - INFO - Processing resources\violin\21.jpg
2024-09-19 18:31:27,094 - INFO - Processing resources\violin\22.jpg
2024-09-19 18:31:27,129 - INFO - Processing resources\violin\23.jpg
2024-09-19 18:31:27,164 - INFO - Processing resources\violin\24.jpg
2024-09-19 18:31:27,199 - INFO - Processing resources\violin\25.jpg
2024-09-19 18:31:27,233 - INFO - Processing resources\violin\26.jpg
2024-09-19 18:31:27,269 - INFO - Processing resources\violin\27.jpg
2024-09-19 18:31:27,304 - INFO - Processing resources\violin\28.jpg
2024-09-19 18:31:27,340 - INFO - Processing resources\violin\29.jpg
2024-09-19 18:31:27,390 - WARNING - Found 126 landmarks at resources\violin\29.jpg.
2024-09-19 18:31:27,391 - INFO - Processing resources\violin\3.jpg
2024-09-19 18:31:27,410 - WARNING - Found 0 landmarks at resources\violin\3.jpg.
2024-09-19 18:31:27,411 - INFO - Processing resources\violin\30.jpg
2024-09-19 18:31:27,445 - INFO - Processing resources\violin\31.jpg
2024-09-19 18:31:27,481 - INFO - Processing resources\violin\32.jpg
2024-09-19 18:31:27,516 - INFO - Processing resources\violin\33.jpg
2024-09-19 18:31:27,552 - INFO - Processing resources\violin\34.jpg
2024-09-19 18:31:27,587 - INFO - Processing resources\violin\35.jpg
2024-09-19 18:31:27,620 - INFO - Processing resources\violin\36.jpg
2024-09-19 18:31:27,655 - INFO - Processing resources\violin\37.jpg
2024-09-19 18:31:27,690 - INFO - Processing resources\violin\38.jpg
2024-09-19 18:31:27,725 - INFO - Processing resources\violin\39.jpg
2024-09-19 18:31:27,761 - INFO - Processing resources\violin\4.jpg
2024-09-19 18:31:27,809 - INFO - Processing resources\violin\40.jpg
2024-09-19 18:31:27,857 - INFO - Processing resources\violin\41.jpg
2024-09-19 18:31:27,893 - INFO - Processing resources\violin\42.jpg
2024-09-19 18:31:27,928 - INFO - Processing resources\violin\43.jpg
2024-09-19 18:31:27,964 - INFO - Processing resources\violin\44.jpg
2024-09-19 18:31:27,999 - INFO - Processing resources\violin\45.jpg
2024-09-19 18:31:28,034 - INFO - Processing resources\violin\46.jpg
2024-09-19 18:31:28,068 - INFO - Processing resources\violin\47.jpg
2024-09-19 18:31:28,103 - INFO - Processing resources\violin\48.jpg
2024-09-19 18:31:28,138 - INFO - Processing resources\violin\49.jpg
2024-09-19 18:31:28,172 - INFO - Processing resources\violin\5.jpg
2024-09-19 18:31:28,222 - INFO - Processing resources\violin\50.jpg
2024-09-19 18:31:28,272 - INFO - Processing resources\violin\51.jpg
2024-09-19 18:31:28,306 - INFO - Processing resources\violin\52.jpg
2024-09-19 18:31:28,356 - WARNING - Found 126 landmarks at resources\violin\52.jpg.
2024-09-19 18:31:28,357 - INFO - Processing resources\violin\53.jpg
2024-09-19 18:31:28,375 - INFO - Processing resources\violin\54.jpg
2024-09-19 18:31:28,411 - INFO - Processing resources\violin\55.jpg
2024-09-19 18:31:28,445 - INFO - Processing resources\violin\56.jpg
2024-09-19 18:31:28,481 - INFO - Processing resources\violin\57.jpg
2024-09-19 18:31:28,515 - INFO - Processing resources\violin\58.jpg
2024-09-19 18:31:28,549 - INFO - Processing resources\violin\59.jpg
2024-09-19 18:31:28,584 - INFO - Processing resources\violin\6.jpg
2024-09-19 18:31:28,635 - INFO - Processing resources\violin\60.jpg
2024-09-19 18:31:28,688 - INFO - Processing resources\violin\61.jpg
2024-09-19 18:31:28,724 - INFO - Processing resources\violin\62.jpg
2024-09-19 18:31:28,759 - INFO - Processing resources\violin\63.jpg
2024-09-19 18:31:28,793 - INFO - Processing resources\violin\64.jpg
2024-09-19 18:31:28,828 - INFO - Processing resources\violin\65.jpg
2024-09-19 18:31:28,863 - INFO - Processing resources\violin\66.jpg
2024-09-19 18:31:28,900 - INFO - Processing resources\violin\67.jpg
2024-09-19 18:31:28,933 - INFO - Processing resources\violin\68.jpg
2024-09-19 18:31:28,968 - INFO - Processing resources\violin\69.jpg
2024-09-19 18:31:29,002 - INFO - Processing resources\violin\7.jpg
2024-09-19 18:31:29,051 - INFO - Processing resources\violin\70.jpg
2024-09-19 18:31:29,099 - INFO - Processing resources\violin\71.jpg
2024-09-19 18:31:29,134 - INFO - Processing resources\violin\72.jpg
2024-09-19 18:31:29,170 - INFO - Processing resources\violin\73.jpg
2024-09-19 18:31:29,223 - WARNING - Found 126 landmarks at resources\violin\73.jpg.
2024-09-19 18:31:29,223 - INFO - Processing resources\violin\74.jpg
2024-09-19 18:31:29,243 - INFO - Processing resources\violin\75.jpg
2024-09-19 18:31:29,278 - INFO - Processing resources\violin\76.jpg
2024-09-19 18:31:29,313 - INFO - Processing resources\violin\77.jpg
2024-09-19 18:31:29,347 - INFO - Processing resources\violin\78.jpg
2024-09-19 18:31:29,382 - INFO - Processing resources\violin\79.jpg
2024-09-19 18:31:29,418 - INFO - Processing resources\violin\8.jpg
2024-09-19 18:31:29,467 - INFO - Processing resources\violin\80.jpg
2024-09-19 18:31:29,515 - INFO - Processing resources\violin\81.jpg
2024-09-19 18:31:29,551 - INFO - Processing resources\violin\82.jpg
2024-09-19 18:31:29,586 - INFO - Processing resources\violin\83.jpg
2024-09-19 18:31:29,621 - INFO - Processing resources\violin\84.jpg
2024-09-19 18:31:29,655 - INFO - Processing resources\violin\85.jpg
2024-09-19 18:31:29,691 - INFO - Processing resources\violin\86.jpg
2024-09-19 18:31:29,727 - INFO - Processing resources\violin\87.jpg
2024-09-19 18:31:29,761 - INFO - Processing resources\violin\88.jpg
2024-09-19 18:31:29,797 - INFO - Processing resources\violin\89.jpg
2024-09-19 18:31:29,835 - INFO - Processing resources\violin\9.jpg
2024-09-19 18:31:29,886 - INFO - Processing resources\violin\90.jpg
2024-09-19 18:31:29,934 - INFO - Processing resources\violin\91.jpg
2024-09-19 18:31:29,968 - INFO - Processing resources\violin\92.jpg
2024-09-19 18:31:30,004 - INFO - Processing resources\violin\93.jpg
2024-09-19 18:31:30,038 - INFO - Processing resources\violin\94.jpg
2024-09-19 18:31:30,073 - INFO - Processing resources\violin\95.jpg
2024-09-19 18:31:30,107 - INFO - Processing resources\violin\96.jpg
2024-09-19 18:31:30,155 - INFO - Processing resources\violin\97.jpg
2024-09-19 18:31:30,205 - INFO - Processing resources\violin\98.jpg
2024-09-19 18:31:30,240 - INFO - Processing resources\violin\99.jpg
